<?xml version="1.0" encoding="UTF-8"?>
<!-- Generated by org.testng.reporters.JUnitXMLReporter -->
<testsuite ignored="0" hostname="DESKTOP-0TDTAS0" failures="0" tests="3" name="SubmitOrderTest" time="90.248" errors="0" timestamp="2025-05-21T08:43:11 IST">
  <testcase classname="testCases.SubmitOrderTest" name="SubmitOrder" time="14.64"/>
  <testcase classname="testCases.SubmitOrderTest" name="SubmitOrder" time="8.187"/>
  <testcase classname="testCases.SubmitOrderTest" name="OrderHistoryTest" time="0.864"/>
</testsuite> <!-- SubmitOrderTest -->
