<?xml version="1.0" encoding="UTF-8"?>
<testsuite xmlns:xsi="http://www.w3.org/2001/XMLSchema-instance" xsi:noNamespaceSchemaLocation="https://maven.apache.org/surefire/maven-surefire-plugin/xsd/surefire-test-report.xsd" version="3.0.2" name="TestSuite" time="91.743" tests="6" errors="0" skipped="1" failures="1">
  <properties>
[...]
</properties>
  <testcase name="LoginErrorValidationTest" classname="testCases.ErrorValidationTest" time="0.0">
    <skipped message="expected [Incorrect email or passwor] but found [Incorrect email or password.]"/>
    <system-out><![CDATA[Actual Error Message:Incorrect email or password.	Expected Error Message :Incorrect email or passwor
]]></system-out>
  </testcase>
  <testcase name="LoginErrorValidationTest" classname="testCases.ErrorValidationTest" time="1.193">
    <failure message="expected [Incorrect email or passwor] but found [Incorrect email or password.]" type="java.lang.AssertionError"><![CDATA[java.lang.AssertionError: expected [Incorrect email or passwor] but found [Incorrect email or password.]
	at org.testng.Assert.fail(Assert.java:111)
	at org.testng.Assert.failNotEquals(Assert.java:1590)
	at org.testng.Assert.assertEqualsImpl(Assert.java:150)
	at org.testng.Assert.assertEquals(Assert.java:132)
	at org.testng.Assert.assertEquals(Assert.java:656)
	at org.testng.Assert.assertEquals(Assert.java:666)
	at testCases.ErrorValidationTest.LoginErrorValidationTest(ErrorValidationTest.java:27)
	at java.base/jdk.internal.reflect.NativeMethodAccessorImpl.invoke0(Native Method)
	at java.base/jdk.internal.reflect.NativeMethodAccessorImpl.invoke(NativeMethodAccessorImpl.java:77)
	at java.base/jdk.internal.reflect.DelegatingMethodAccessorImpl.invoke(DelegatingMethodAccessorImpl.java:43)
	at java.base/java.lang.reflect.Method.invoke(Method.java:568)
	at org.testng.internal.invokers.MethodInvocationHelper.invokeMethod(MethodInvocationHelper.java:141)
	at org.testng.internal.invokers.TestInvoker.invokeMethod(TestInvoker.java:687)
	at org.testng.internal.invokers.TestInvoker.retryFailed(TestInvoker.java:269)
	at org.testng.internal.invokers.MethodRunner.runInSequence(MethodRunner.java:76)
	at org.testng.internal.invokers.TestInvoker$MethodInvocationAgent.invoke(TestInvoker.java:995)
	at org.testng.internal.invokers.TestInvoker.invokeTestMethods(TestInvoker.java:203)
	at org.testng.internal.invokers.TestMethodWorker.invokeTestMethods(TestMethodWorker.java:154)
	at org.testng.internal.invokers.TestMethodWorker.run(TestMethodWorker.java:134)
	at java.base/java.util.ArrayList.forEach(ArrayList.java:1511)
	at org.testng.TestRunner.privateRun(TestRunner.java:741)
	at org.testng.TestRunner.run(TestRunner.java:616)
	at org.testng.SuiteRunner.runTest(SuiteRunner.java:421)
	at org.testng.SuiteRunner$SuiteWorker.run(SuiteRunner.java:463)
	at org.testng.internal.thread.ThreadUtil.lambda$execute$0(ThreadUtil.java:64)
	at java.base/java.util.concurrent.FutureTask.run(FutureTask.java:264)
	at java.base/java.util.concurrent.ThreadPoolExecutor.runWorker(ThreadPoolExecutor.java:1136)
	at java.base/java.util.concurrent.ThreadPoolExecutor$Worker.run(ThreadPoolExecutor.java:635)
	at java.base/java.lang.Thread.run(Thread.java:833)
]]></failure>
    <system-out><![CDATA[Actual Error Message:Incorrect email or password.	Expected Error Message :Incorrect email or passwor
]]></system-out>
  </testcase>
  <testcase name="ProductErrorValidationTest" classname="testCases.ErrorValidationTest" time="4.791"/>
  <testcase name="SubmitOrder[{password=Mayur@123, email=mayuresh.talekar87@gmail.com, productName=ZARA COAT 3}](1)" classname="testCases.SubmitOrderTest" time="14.829">
    <system-out><![CDATA[Actual Message:THANKYOU FOR THE ORDER.	Expected :Thankyou for the order.
]]></system-out>
  </testcase>
  <testcase name="SubmitOrder[{password=Mayur@1234, email=mltbeet@gmail.com, productName=ADIDAS ORIGINAL}](2)" classname="testCases.SubmitOrderTest" time="4.941">
    <system-out><![CDATA[Actual Message:THANKYOU FOR THE ORDER.	Expected :Thankyou for the order.
]]></system-out>
  </testcase>
  <testcase name="OrderHistoryTest" classname="testCases.SubmitOrderTest" time="0.864"/>
</testsuite>